C:\USERS\CPETIT\DOCUMENTS\VISUAL STUDIO 2010\PROJECTS\P4\P4\RELEASE\ALPHABETA.OBJ
C:\USERS\CPETIT\DOCUMENTS\VISUAL STUDIO 2010\PROJECTS\P4\P4\RELEASE\CASE.OBJ
C:\Users\cpetit\Documents\Visual Studio 2010\Projects\P4\P4\Release\cl.command.1.tlog
C:\Users\cpetit\Documents\Visual Studio 2010\Projects\P4\P4\Release\CL.read.1.tlog
C:\Users\cpetit\Documents\Visual Studio 2010\Projects\P4\P4\Release\CL.write.1.tlog
C:\USERS\CPETIT\DOCUMENTS\VISUAL STUDIO 2010\PROJECTS\P4\P4\RELEASE\COLONNE.OBJ
C:\USERS\CPETIT\DOCUMENTS\VISUAL STUDIO 2010\PROJECTS\P4\P4\RELEASE\ETATCOURANT.OBJ
C:\USERS\CPETIT\DOCUMENTS\VISUAL STUDIO 2010\PROJECTS\P4\P4\RELEASE\FENETRE.OBJ
C:\USERS\CPETIT\DOCUMENTS\VISUAL STUDIO 2010\PROJECTS\P4\P4\RELEASE\HUMAIN.OBJ
C:\USERS\CPETIT\DOCUMENTS\VISUAL STUDIO 2010\PROJECTS\P4\P4\RELEASE\IA.OBJ
C:\USERS\CPETIT\DOCUMENTS\VISUAL STUDIO 2010\PROJECTS\P4\P4\RELEASE\JOUEUR.OBJ
C:\Users\cpetit\Documents\Visual Studio 2010\Projects\P4\P4\Release\link.command.1.tlog
C:\Users\cpetit\Documents\Visual Studio 2010\Projects\P4\P4\Release\link.read.1.tlog
C:\Users\cpetit\Documents\Visual Studio 2010\Projects\P4\P4\Release\link.write.1.tlog
C:\USERS\CPETIT\DOCUMENTS\VISUAL STUDIO 2010\PROJECTS\P4\P4\RELEASE\MAIN.OBJ
C:\Users\cpetit\Documents\Visual Studio 2010\Projects\P4\P4\Release\mt.command.1.tlog
C:\Users\cpetit\Documents\Visual Studio 2010\Projects\P4\P4\Release\mt.read.1.tlog
C:\Users\cpetit\Documents\Visual Studio 2010\Projects\P4\P4\Release\mt.write.1.tlog
C:\USERS\CPETIT\DOCUMENTS\VISUAL STUDIO 2010\PROJECTS\P4\P4\RELEASE\P4.EXE.INTERMEDIATE.MANIFEST
C:\Users\cpetit\Documents\Visual Studio 2010\Projects\P4\P4\Release\P4.write.1.tlog
C:\USERS\CPETIT\DOCUMENTS\VISUAL STUDIO 2010\PROJECTS\P4\P4\RELEASE\PARTIE.OBJ
C:\USERS\CPETIT\DOCUMENTS\VISUAL STUDIO 2010\PROJECTS\P4\P4\RELEASE\PION.OBJ
C:\USERS\CPETIT\DOCUMENTS\VISUAL STUDIO 2010\PROJECTS\P4\P4\RELEASE\VC100.PDB
C:\USERS\CPETIT\DOCUMENTS\VISUAL STUDIO 2010\PROJECTS\P4\RELEASE\P4.EXE
C:\USERS\CPETIT\DOCUMENTS\VISUAL STUDIO 2010\PROJECTS\P4\RELEASE\P4.PDB
