Build started 2/21/2014 11:34:48 PM.
     1>Project "C:\Users\cpetit\Documents\Visual Studio 2010\Projects\P4\P4\P4.vcxproj" on node 2 (rebuild target(s)).
     1>_PrepareForClean:
         Deleting file "Release\P4.lastbuildstate".
       InitializeBuildStatus:
         Creating "Release\P4.unsuccessfulbuild" because "AlwaysCreate" was specified.
       ClCompile:
         C:\Program Files (x86)\Microsoft Visual Studio 10.0\VC\bin\CL.exe /c /Zi /nologo /W3 /WX- /O2 /Oi /Oy- /GL /D _MBCS /Gm- /EHsc /MTd /GS /Gy /fp:precise /Zc:wchar_t /Zc:forScope /Fo"Release\\" /Fd"Release\vc100.pdb" /Gd /TP /analyze- /errorReport:prompt AlphaBeta.cpp Case.cpp Colonne.cpp EtatCourant.cpp Fenetre.cpp Humain.cpp IA.cpp Joueur.cpp main.cpp Partie.cpp Pion.cpp
         AlphaBeta.cpp
         Case.cpp
         Colonne.cpp
         EtatCourant.cpp
         Fenetre.cpp
         Humain.cpp
         IA.cpp
         Joueur.cpp
         main.cpp
         Partie.cpp
         Pion.cpp
       Link:
         C:\Program Files (x86)\Microsoft Visual Studio 10.0\VC\bin\link.exe /ERRORREPORT:PROMPT /OUT:"C:\Users\cpetit\Documents\Visual Studio 2010\Projects\P4\Release\P4.exe" /NOLOGO kernel32.lib user32.lib gdi32.lib winspool.lib comdlg32.lib advapi32.lib shell32.lib ole32.lib oleaut32.lib uuid.lib odbc32.lib odbccp32.lib kernel32.lib user32.lib gdi32.lib winspool.lib comdlg32.lib advapi32.lib shell32.lib ole32.lib oleaut32.lib uuid.lib odbc32.lib odbccp32.lib opengl32.lib glu32.lib glut32.lib /MANIFEST /ManifestFile:"Release\P4.exe.intermediate.manifest" /MANIFESTUAC:"level='asInvoker' uiAccess='false'" /DEBUG /PDB:"C:\Users\cpetit\Documents\Visual Studio 2010\Projects\P4\Release\P4.pdb" /OPT:REF /OPT:ICF /LTCG /TLBID:1 /DYNAMICBASE /NXCOMPAT /IMPLIB:"C:\Users\cpetit\Documents\Visual Studio 2010\Projects\P4\Release\P4.lib" /MACHINE:X86 Release\AlphaBeta.obj
         Release\Case.obj
         Release\Colonne.obj
         Release\EtatCourant.obj
         Release\Fenetre.obj
         Release\Humain.obj
         Release\IA.obj
         Release\Joueur.obj
         Release\main.obj
         Release\Partie.obj
         Release\Pion.obj
         Generating code
         Finished generating code
         P4.vcxproj -> C:\Users\cpetit\Documents\Visual Studio 2010\Projects\P4\Release\P4.exe
       Manifest:
         C:\Program Files (x86)\Microsoft SDKs\Windows\v7.0A\bin\mt.exe /nologo /verbose /outputresource:"C:\Users\cpetit\Documents\Visual Studio 2010\Projects\P4\Release\P4.exe;#1" /manifest Release\P4.exe.intermediate.manifest
       FinalizeBuildStatus:
         Deleting file "Release\P4.unsuccessfulbuild".
         Touching "Release\P4.lastbuildstate".
     1>Done Building Project "C:\Users\cpetit\Documents\Visual Studio 2010\Projects\P4\P4\P4.vcxproj" (rebuild target(s)).

Build succeeded.

Time Elapsed 00:00:09.17
